INFO:werkzeug:[31m[1mWARNING: This is a development server. Do not use it in a production deployment. Use a production WSGI server instead.[0m
 * Running on all addresses (0.0.0.0)
 * Running on http://127.0.0.1:5000
 * Running on http://192.168.0.104:5000
INFO:werkzeug:[33mPress CTRL+C to quit[0m
INFO:werkzeug:127.0.0.1 - - [18/Feb/2023 20:46:18] "GET / HTTP/1.1" 200 -
INFO:werkzeug:127.0.0.1 - - [18/Feb/2023 20:46:22] "GET /create-database HTTP/1.1" 200 -
INFO:root:Sub Curriculum not exist!
INFO:root:Sub Curriculum not exist!
INFO:root:Issue with learn!
INFO:root:Sub Curriculum not exist!
INFO:root:Sub Curriculum not exist!
INFO:root:Sub Curriculum not exist!
INFO:root:Sub Curriculum not exist!
INFO:root:Sub Curriculum not exist!
INFO:root:Sub Curriculum not exist!
INFO:root:Sub Curriculum not exist!
INFO:root:Sub Curriculum not exist!
INFO:root:Sub Curriculum not exist!
INFO:root:Sub Curriculum not exist!
INFO:root:Issue with learn!
INFO:root:Sub Curriculum not exist!
INFO:root:Sub Curriculum not exist!
INFO:root:Sub Curriculum not exist!
INFO:root:Sub Curriculum not exist!
INFO:root:Sub Curriculum not exist!
INFO:root:Issue with learn!
INFO:root:Sub Curriculum not exist!
INFO:root:Sub Curriculum not exist!
INFO:root:Sub Curriculum not exist!
INFO:root:Sub Curriculum not exist!
INFO:root:Sub Curriculum not exist!
INFO:root:Sub Curriculum not exist!
INFO:root:Sub Curriculum not exist!
INFO:root:Sub Curriculum not exist!
INFO:root:Sub Curriculum not exist!
INFO:root:Sub Curriculum not exist!
INFO:root:Sub Curriculum not exist!
INFO:root:Sub Curriculum not exist!
INFO:root:Sub Curriculum not exist!
INFO:root:Sub Curriculum not exist!
INFO:root:Sub Curriculum not exist!
INFO:root:Issue with learn!
INFO:root:Sub Curriculum not exist!
INFO:root:Sub Curriculum not exist!
INFO:root:Sub Curriculum not exist!
INFO:root:Sub Curriculum not exist!
INFO:root:Sub Curriculum not exist!
INFO:root:Sub Curriculum not exist!
INFO:root:Sub Curriculum not exist!
INFO:root:Sub Curriculum not exist!
INFO:root:Sub Curriculum not exist!
INFO:root:Sub Curriculum not exist!
INFO:root:Sub Curriculum not exist!
INFO:root:Sub Curriculum not exist!
INFO:root:Sub Curriculum not exist!
INFO:root:Sub Curriculum not exist!
INFO:root:Sub Curriculum not exist!
INFO:root:Sub Curriculum not exist!
INFO:root:Sub Curriculum not exist!
INFO:root:Sub Curriculum not exist!
INFO:root:Sub Curriculum not exist!
INFO:root:Sub Curriculum not exist!
INFO:root:Sub Curriculum not exist!
INFO:root:Sub Curriculum not exist!
INFO:root:Sub Curriculum not exist!
INFO:root:Sub Curriculum not exist!
INFO:root:Sub Curriculum not exist!
INFO:root:Sub Curriculum not exist!
INFO:root:Sub Curriculum not exist!
INFO:root:Sub Curriculum not exist!
INFO:root:Issue with learn!
INFO:root:Sub Curriculum not exist!
INFO:root:Sub Curriculum not exist!
INFO:root:Sub Curriculum not exist!
INFO:root:Sub Curriculum not exist!
INFO:root:Sub Curriculum not exist!
INFO:root:Sub Curriculum not exist!
INFO:root:Sub Curriculum not exist!
INFO:root:Sub Curriculum not exist!
INFO:root:Sub Curriculum not exist!
INFO:root:Sub Curriculum not exist!
INFO:root:Sub Curriculum not exist!
INFO:root:Sub Curriculum not exist!
INFO:werkzeug:127.0.0.1 - - [18/Feb/2023 21:33:36] "GET /grabe-all HTTP/1.1" 200 -
